d:\baidunetdiskdownload\调用dll综合\paddleocr-release-2.6\paddleocr-release-2.6\deploy\cpp_infer\build\ppocr.dir\release\utility.obj
d:\baidunetdiskdownload\调用dll综合\paddleocr-release-2.6\paddleocr-release-2.6\deploy\cpp_infer\build\ppocr.dir\release\structure_table.obj
d:\baidunetdiskdownload\调用dll综合\paddleocr-release-2.6\paddleocr-release-2.6\deploy\cpp_infer\build\ppocr.dir\release\structure_layout.obj
d:\baidunetdiskdownload\调用dll综合\paddleocr-release-2.6\paddleocr-release-2.6\deploy\cpp_infer\build\ppocr.dir\release\preprocess_op.obj
d:\baidunetdiskdownload\调用dll综合\paddleocr-release-2.6\paddleocr-release-2.6\deploy\cpp_infer\build\ppocr.dir\release\postprocess_op.obj
d:\baidunetdiskdownload\调用dll综合\paddleocr-release-2.6\paddleocr-release-2.6\deploy\cpp_infer\build\ppocr.dir\release\paddlestructure.obj
d:\baidunetdiskdownload\调用dll综合\paddleocr-release-2.6\paddleocr-release-2.6\deploy\cpp_infer\build\ppocr.dir\release\paddleocr.obj
d:\baidunetdiskdownload\调用dll综合\paddleocr-release-2.6\paddleocr-release-2.6\deploy\cpp_infer\build\ppocr.dir\release\ocr_rec.obj
d:\baidunetdiskdownload\调用dll综合\paddleocr-release-2.6\paddleocr-release-2.6\deploy\cpp_infer\build\ppocr.dir\release\ocr_det.obj
d:\baidunetdiskdownload\调用dll综合\paddleocr-release-2.6\paddleocr-release-2.6\deploy\cpp_infer\build\ppocr.dir\release\ocr_cls.obj
d:\baidunetdiskdownload\调用dll综合\paddleocr-release-2.6\paddleocr-release-2.6\deploy\cpp_infer\build\ppocr.dir\release\main.obj
d:\baidunetdiskdownload\调用dll综合\paddleocr-release-2.6\paddleocr-release-2.6\deploy\cpp_infer\build\ppocr.dir\release\clipper.obj
d:\baidunetdiskdownload\调用dll综合\paddleocr-release-2.6\paddleocr-release-2.6\deploy\cpp_infer\build\ppocr.dir\release\args.obj
d:\baidunetdiskdownload\调用dll综合\paddleocr-release-2.6\paddleocr-release-2.6\deploy\cpp_infer\build\ppocr.dir\release\myocr.obj
d:\baidunetdiskdownload\调用dll综合\paddleocr-release-2.6\paddleocr-release-2.6\deploy\cpp_infer\build\ppocr.dir\release\api.obj
d:\baidunetdiskdownload\调用dll综合\paddleocr-release-2.6\paddleocr-release-2.6\deploy\cpp_infer\build\cmakefiles\generate.stamp
d:\baidunetdiskdownload\调用dll综合\paddleocr-release-2.6\paddleocr-release-2.6\deploy\cpp_infer\build\release\ppocr.dll
d:\baidunetdiskdownload\调用dll综合\paddleocr-release-2.6\paddleocr-release-2.6\deploy\cpp_infer\build\release\ppocr.lib
d:\baidunetdiskdownload\调用dll综合\paddleocr-release-2.6\paddleocr-release-2.6\deploy\cpp_infer\build\release\ppocr.exp
d:\baidunetdiskdownload\调用dll综合\paddleocr-release-2.6\paddleocr-release-2.6\deploy\cpp_infer\build\ppocr.dir\release\vc143.pdb
d:\baidunetdiskdownload\调用dll综合\paddleocr-release-2.6\paddleocr-release-2.6\deploy\cpp_infer\build\release\ppocr.pdb
d:\baidunetdiskdownload\调用dll综合\paddleocr-release-2.6\paddleocr-release-2.6\deploy\cpp_infer\build\ppocr.dir\release\ppocr.tlog\cl.command.1.tlog
d:\baidunetdiskdownload\调用dll综合\paddleocr-release-2.6\paddleocr-release-2.6\deploy\cpp_infer\build\ppocr.dir\release\ppocr.tlog\cl.items.tlog
d:\baidunetdiskdownload\调用dll综合\paddleocr-release-2.6\paddleocr-release-2.6\deploy\cpp_infer\build\ppocr.dir\release\ppocr.tlog\cl.read.1.tlog
d:\baidunetdiskdownload\调用dll综合\paddleocr-release-2.6\paddleocr-release-2.6\deploy\cpp_infer\build\ppocr.dir\release\ppocr.tlog\cl.write.1.tlog
d:\baidunetdiskdownload\调用dll综合\paddleocr-release-2.6\paddleocr-release-2.6\deploy\cpp_infer\build\ppocr.dir\release\ppocr.tlog\custombuild.command.1.tlog
d:\baidunetdiskdownload\调用dll综合\paddleocr-release-2.6\paddleocr-release-2.6\deploy\cpp_infer\build\ppocr.dir\release\ppocr.tlog\custombuild.read.1.tlog
d:\baidunetdiskdownload\调用dll综合\paddleocr-release-2.6\paddleocr-release-2.6\deploy\cpp_infer\build\ppocr.dir\release\ppocr.tlog\custombuild.write.1.tlog
d:\baidunetdiskdownload\调用dll综合\paddleocr-release-2.6\paddleocr-release-2.6\deploy\cpp_infer\build\ppocr.dir\release\ppocr.tlog\link.command.1.tlog
d:\baidunetdiskdownload\调用dll综合\paddleocr-release-2.6\paddleocr-release-2.6\deploy\cpp_infer\build\ppocr.dir\release\ppocr.tlog\link.read.1.tlog
d:\baidunetdiskdownload\调用dll综合\paddleocr-release-2.6\paddleocr-release-2.6\deploy\cpp_infer\build\ppocr.dir\release\ppocr.tlog\link.secondary.1.tlog
d:\baidunetdiskdownload\调用dll综合\paddleocr-release-2.6\paddleocr-release-2.6\deploy\cpp_infer\build\ppocr.dir\release\ppocr.tlog\link.write.1.tlog
