  API.cpp
D:\softwarePake\paddle_inference\paddle\include\paddle_tensor.h(173,15): warning C4251: “paddle_infer::Tensor::name_”:“std::basic_string<char,std::char_traits<char>,std::allocator<char>>”需要有 dll 接口以供“paddle_infer::Tensor”的客户端使用
D:\softwarePake\paddle_inference\paddle\include\paddle_api.h(153,15): warning C4251: “paddle::PaddleTensor::name”:“std::basic_string<char,std::char_traits<char>,std::allocator<char>>”需要有 dll 接口以供“paddle::PaddleTensor”的客户端使用
D:\softwarePake\paddle_inference\paddle\include\paddle_api.h(154,20): warning C4251: “paddle::PaddleTensor::shape”:“std::vector<int,std::allocator<int>>”需要有 dll 接口以供“paddle::PaddleTensor”的客户端使用
D:\softwarePake\paddle_inference\paddle\include\paddle_api.h(157,36): warning C4251: “paddle::PaddleTensor::lod”:“std::vector<std::vector<size_t,std::allocator<size_t>>,std::allocator<std::vector<size_t,std::allocator<size_t>>>>”需要有 dll 接口以供“paddle::PaddleTensor”的客户端使用
D:\softwarePake\paddle_inference\paddle\include\paddle_api.h(321,15): warning C4251: “paddle::NativeConfig::prog_file”:“std::basic_string<char,std::char_traits<char>,std::allocator<char>>”需要有 dll 接口以供“paddle::NativeConfig”的客户端使用
D:\softwarePake\paddle_inference\paddle\include\paddle_api.h(323,7): warning C4251: “paddle::NativeConfig::param_file”:“std::basic_string<char,std::char_traits<char>,std::allocator<char>>”需要有 dll 接口以供“paddle::NativeConfig”的客户端使用
D:\softwarePake\paddle_inference\paddle\include\paddle_pass_builder.h(107,28): warning C4251: “paddle::PaddlePassBuilder::analysis_passes_”:“std::vector<cv::String,std::allocator<cv::String>>”需要有 dll 接口以供“paddle::PaddlePassBuilder”的客户端使用
D:\softwarePake\paddle_inference\paddle\include\paddle_pass_builder.h(111,28): warning C4251: “paddle::PaddlePassBuilder::passes_”:“std::vector<cv::String,std::allocator<cv::String>>”需要有 dll 接口以供“paddle::PaddlePassBuilder”的客户端使用
D:\softwarePake\paddle_inference\paddle\include\paddle_analysis_config.h(866,15): warning C4251: “paddle::AnalysisConfig::model_dir_”:“std::basic_string<char,std::char_traits<char>,std::allocator<char>>”需要有 dll 接口以供“paddle::AnalysisConfig”的客户端使用
D:\softwarePake\paddle_inference\paddle\include\paddle_analysis_config.h(867,23): warning C4251: “paddle::AnalysisConfig::prog_file_”:“std::basic_string<char,std::char_traits<char>,std::allocator<char>>”需要有 dll 接口以供“paddle::AnalysisConfig”的客户端使用
D:\softwarePake\paddle_inference\paddle\include\paddle_analysis_config.h(868,23): warning C4251: “paddle::AnalysisConfig::params_file_”:“std::basic_string<char,std::char_traits<char>,std::allocator<char>>”需要有 dll 接口以供“paddle::AnalysisConfig”的客户端使用
D:\softwarePake\paddle_inference\paddle\include\paddle_analysis_config.h(876,35): warning C4251: “paddle::AnalysisConfig::gpu_fp16_disabled_op_types_”:“std::unordered_set<std::string,std::hash<std::string>,std::equal_to<std::string>,std::allocator<cv::String>>”需要有 dll 接口以供“paddle::AnalysisConfig”的客户端使用
D:\softwarePake\paddle_inference\paddle\include\paddle_analysis_config.h(918,43): warning C4251: “paddle::AnalysisConfig::min_input_shape_”:“std::map<std::string,std::vector<int,std::allocator<int>>,std::less<std::string>,std::allocator<std::pair<const std::string,std::vector<int,std::allocator<int>>>>>”需要有 dll 接口以供“paddle::AnalysisConfig”的客户端使用
D:\softwarePake\paddle_inference\paddle\include\paddle_analysis_config.h(919,43): warning C4251: “paddle::AnalysisConfig::max_input_shape_”:“std::map<std::string,std::vector<int,std::allocator<int>>,std::less<std::string>,std::allocator<std::pair<const std::string,std::vector<int,std::allocator<int>>>>>”需要有 dll 接口以供“paddle::AnalysisConfig”的客户端使用
D:\softwarePake\paddle_inference\paddle\include\paddle_analysis_config.h(920,43): warning C4251: “paddle::AnalysisConfig::optim_input_shape_”:“std::map<std::string,std::vector<int,std::allocator<int>>,std::less<std::string>,std::allocator<std::pair<const std::string,std::vector<int,std::allocator<int>>>>>”需要有 dll 接口以供“paddle::AnalysisConfig”的客户端使用
D:\softwarePake\paddle_inference\paddle\include\paddle_analysis_config.h(921,28): warning C4251: “paddle::AnalysisConfig::trt_disabled_ops_”:“std::vector<cv::String,std::allocator<cv::String>>”需要有 dll 接口以供“paddle::AnalysisConfig”的客户端使用
D:\softwarePake\paddle_inference\paddle\include\paddle_analysis_config.h(932,15): warning C4251: “paddle::AnalysisConfig::shape_range_info_path_”:“std::basic_string<char,std::char_traits<char>,std::allocator<char>>”需要有 dll 接口以供“paddle::AnalysisConfig”的客户端使用
D:\softwarePake\paddle_inference\paddle\include\paddle_analysis_config.h(942,35): warning C4251: “paddle::AnalysisConfig::mkldnn_enabled_op_types_”:“std::unordered_set<std::string,std::hash<std::string>,std::equal_to<std::string>,std::allocator<cv::String>>”需要有 dll 接口以供“paddle::AnalysisConfig”的客户端使用
D:\softwarePake\paddle_inference\paddle\include\paddle_analysis_config.h(959,15): warning C4251: “paddle::AnalysisConfig::serialized_info_cache_”:“std::basic_string<char,std::char_traits<char>,std::allocator<char>>”需要有 dll 接口以供“paddle::AnalysisConfig”的客户端使用
D:\softwarePake\paddle_inference\paddle\include\paddle_analysis_config.h(961,41): warning C4251: “paddle::AnalysisConfig::pass_builder_”:“std::unique_ptr<paddle::PassStrategy,std::default_delete<paddle::PassStrategy>>”需要有 dll 接口以供“paddle::AnalysisConfig”的客户端使用
D:\softwarePake\paddle_inference\paddle\include\paddle_analysis_config.h(964,28): warning C4251: “paddle::AnalysisConfig::lite_passes_filter_”:“std::vector<cv::String,std::allocator<cv::String>>”需要有 dll 接口以供“paddle::AnalysisConfig”的客户端使用
D:\softwarePake\paddle_inference\paddle\include\paddle_analysis_config.h(965,28): warning C4251: “paddle::AnalysisConfig::lite_ops_filter_”:“std::vector<cv::String,std::allocator<cv::String>>”需要有 dll 接口以供“paddle::AnalysisConfig”的客户端使用
D:\softwarePake\paddle_inference\paddle\include\paddle_analysis_config.h(975,15): warning C4251: “paddle::AnalysisConfig::xpu_autotune_file_”:“std::basic_string<char,std::char_traits<char>,std::allocator<char>>”需要有 dll 接口以供“paddle::AnalysisConfig”的客户端使用
D:\softwarePake\paddle_inference\paddle\include\paddle_analysis_config.h(976,15): warning C4251: “paddle::AnalysisConfig::xpu_precision_”:“std::basic_string<char,std::char_traits<char>,std::allocator<char>>”需要有 dll 接口以供“paddle::AnalysisConfig”的客户端使用
D:\softwarePake\paddle_inference\paddle\include\paddle_analysis_config.h(985,42): warning C4251: “paddle::AnalysisConfig::mkldnn_quantizer_config_”:“std::shared_ptr<paddle::MkldnnQuantizerConfig>”需要有 dll 接口以供“paddle::AnalysisConfig”的客户端使用
D:\softwarePake\paddle_inference\paddle\include\paddle_analysis_config.h(987,35): warning C4251: “paddle::AnalysisConfig::bfloat16_enabled_op_types_”:“std::unordered_set<std::string,std::hash<std::string>,std::equal_to<std::string>,std::allocator<cv::String>>”需要有 dll 接口以供“paddle::AnalysisConfig”的客户端使用
D:\softwarePake\paddle_inference\paddle\include\paddle_analysis_config.h(1006,15): warning C4251: “paddle::AnalysisConfig::opt_cache_dir_”:“std::basic_string<char,std::char_traits<char>,std::allocator<char>>”需要有 dll 接口以供“paddle::AnalysisConfig”的客户端使用
D:\softwarePake\paddle_inference\paddle\include\paddle_analysis_config.h(1010,14): warning C4251: “paddle::AnalysisConfig::dist_config_”:“paddle::DistConfig”需要有 dll 接口以供“paddle::AnalysisConfig”的客户端使用
D:\softwarePake\paddle_inference\paddle\include\paddle_analysis_config.h(410,49): warning C4244: “return”: 从“const uint64_t”转换到“int”，可能丢失数据
D:\softwarePake\paddle_inference\paddle\include\paddle_inference_api.h(153,44): warning C4251: “paddle_infer::Predictor::predictor_”:“std::unique_ptr<paddle::PaddlePredictor,std::default_delete<paddle::PaddlePredictor>>”需要有 dll 接口以供“paddle_infer::Predictor”的客户端使用
D:\softwarePake\paddle_inference\paddle\include\paddle_inference_api.h(200,30): warning C4251: “paddle_infer::services::PredictorPool::main_pred_”:“std::shared_ptr<paddle_infer::Predictor>”需要有 dll 接口以供“paddle_infer::services::PredictorPool”的客户端使用
D:\softwarePake\paddle_inference\paddle\include\paddle_inference_api.h(201,43): warning C4251: “paddle_infer::services::PredictorPool::preds_”:“std::vector<std::unique_ptr<paddle_infer::Predictor,std::default_delete<paddle_infer::Predictor>>,std::allocator<std::unique_ptr<paddle_infer::Predictor,std::default_delete<paddle_infer::Predictor>>>>”需要有 dll 接口以供“paddle_infer::services::PredictorPool”的客户端使用
D:\BaiduNetdiskDownload\调用dll综合\PaddleOCR-release-2.6\PaddleOCR-release-2.6\deploy\cpp_infer\src\API.cpp(178,45): warning C4267: “参数”: 从“size_t”转换到“int”，可能丢失数据
    正在创建库 D:/BaiduNetdiskDownload/调用dll综合/PaddleOCR-release-2.6/PaddleOCR-release-2.6/deploy/cpp_infer/build/Release/ppocr.lib 和对象 D:/BaiduNetdiskDownload/调用dll综合/PaddleOCR-release-2.6/PaddleOCR-release-2.6/deploy/cpp_infer/build/Release/ppocr.exp
  ppocr.vcxproj -> D:\BaiduNetdiskDownload\调用dll综合\PaddleOCR-release-2.6\PaddleOCR-release-2.6\deploy\cpp_infer\build\Release\ppocr.dll
